0 info it worked if it ends with ok
1 verbose cli [ 'c:\\Program Files\\nodejs\\\\node.exe',
1 verbose cli   'c:\\Program Files\\nodejs\\node_modules\\npm\\bin\\npm-cli.js',
1 verbose cli   'start' ]
2 info using npm@1.4.28
3 info using node@v0.10.35
4 verbose node symlink c:\Program Files\nodejs\\node.exe
5 verbose run-script [ 'prestart', 'start', 'poststart' ]
6 info prestart rpozzi-mobile@0.0.1
7 info start rpozzi-mobile@0.0.1
8 verbose unsafe-perm in lifecycle true
9 info rpozzi-mobile@0.0.1 Failed to exec start script
10 error rpozzi-mobile@0.0.1 start: `node app`
10 error Exit status 8
11 error Failed at the rpozzi-mobile@0.0.1 start script.
11 error This is most likely a problem with the rpozzi-mobile package,
11 error not with npm itself.
11 error Tell the author that this fails on your system:
11 error     node app
11 error You can get their info via:
11 error     npm owner ls rpozzi-mobile
11 error There is likely additional logging output above.
12 error System Windows_NT 6.1.7601
13 error command "c:\\Program Files\\nodejs\\\\node.exe" "c:\\Program Files\\nodejs\\node_modules\\npm\\bin\\npm-cli.js" "start"
14 error cwd C:\ionicprojects\plunk\server
15 error node -v v0.10.35
16 error npm -v 1.4.28
17 error code ELIFECYCLE
18 verbose exit [ 1, true ]
